<?xml version="1.0" encoding="UTF-8"?>
<testsuite name="rules.RuleEngineTest" tests="4" skipped="0" failures="0" errors="0" timestamp="2020-04-15T06:16:27" hostname="gopikriothusMBP" time="0.0">
  <properties/>
  <testcase name="shouldReturnCheatPLayerScoreCooperatePlayerScore" classname="rules.RuleEngineTest" time="0.0"/>
  <testcase name="shouldReturnTwoCheatPlayersScore" classname="rules.RuleEngineTest" time="0.0"/>
  <testcase name="shouldReturnCooperatePlayerScoreCheatPLayerScore" classname="rules.RuleEngineTest" time="0.0"/>
  <testcase name="shouldReturnTwoCooperatePlayersScore" classname="rules.RuleEngineTest" time="0.0"/>
  <system-out><![CDATA[]]></system-out>
  <system-err><![CDATA[]]></system-err>
</testsuite>
