<?xml version="1.0" encoding="UTF-8"?>
<testsuite name="rules.PlayerTest" tests="1" skipped="0" failures="0" errors="0" timestamp="2020-04-14T06:10:19" hostname="gopikriothusMBP" time="0.003">
  <properties/>
  <testcase name="testMakeMoveShouldAlwaysReturnCooperateMove" classname="rules.PlayerTest" time="0.003"/>
  <system-out><![CDATA[]]></system-out>
  <system-err><![CDATA[]]></system-err>
</testsuite>
