<?xml version="1.0" encoding="UTF-8"?>
<testsuite name="rules.PlayerTest" tests="1" skipped="0" failures="0" errors="0" timestamp="2020-04-14T10:09:17" hostname="gopikriothusMBP" time="0.0">
  <properties/>
  <testcase name="testMakeMoveShouldAlwaysReturnCooperateMove" classname="rules.PlayerTest" time="0.0"/>
  <system-out><![CDATA[]]></system-out>
  <system-err><![CDATA[]]></system-err>
</testsuite>
