<?xml version="1.0" encoding="UTF-8"?>
<testsuite name="rules.RuleEngineTest" tests="5" skipped="0" failures="0" errors="0" timestamp="2020-04-13T12:33:39" hostname="gopikriothusMBP" time="0.003">
  <properties/>
  <testcase name="testCheatCooperate" classname="rules.RuleEngineTest" time="0.002"/>
  <testcase name="testCooperateCooperate" classname="rules.RuleEngineTest" time="0.0"/>
  <testcase name="testCheatCheat" classname="rules.RuleEngineTest" time="0.0"/>
  <testcase name="testInvalidMoves" classname="rules.RuleEngineTest" time="0.0"/>
  <testcase name="testCooperateCheat" classname="rules.RuleEngineTest" time="0.0"/>
  <system-out><![CDATA[]]></system-out>
  <system-err><![CDATA[]]></system-err>
</testsuite>
