<?xml version="1.0" encoding="UTF-8"?>
<testsuite name="rules.ConsolePlayerBehaviourTest" tests="3" skipped="0" failures="0" errors="0" timestamp="2020-04-15T07:02:47" hostname="gopikriothusMBP" time="0.006">
  <properties/>
  <testcase name="shouldReturnCheatMoveForCHInput" classname="rules.ConsolePlayerBehaviourTest" time="0.005"/>
  <testcase name="shouldReturnNullMoveForCXInput" classname="rules.ConsolePlayerBehaviourTest" time="0.0"/>
  <testcase name="shouldReturnCooperateMoveForCOInput" classname="rules.ConsolePlayerBehaviourTest" time="0.001"/>
  <system-out><![CDATA[Please Enter Your Move
Please Enter Your Move
Please Enter Your Move
]]></system-out>
  <system-err><![CDATA[]]></system-err>
</testsuite>
