<?xml version="1.0" encoding="UTF-8"?>
<testsuite name="MoveTypeTest" tests="2" skipped="0" failures="0" errors="0" timestamp="2020-04-15T06:16:27" hostname="gopikriothusMBP" time="0.0">
  <properties/>
  <testcase name="shouldReturnCorporateIfTheKeyIsCooperate" classname="MoveTypeTest" time="0.0"/>
  <testcase name="shouldReturnCheatIfTheKeyIsCheat" classname="MoveTypeTest" time="0.0"/>
  <system-out><![CDATA[]]></system-out>
  <system-err><![CDATA[]]></system-err>
</testsuite>
