<?xml version="1.0" encoding="UTF-8"?>
<testsuite name="rules.GameIntegrationTest" tests="5" skipped="0" failures="0" errors="0" timestamp="2020-04-15T10:05:24" hostname="gopikriothusMBP" time="0.36">
  <properties/>
  <testcase name="shouldReturnScoreWhenBothConsolePlayersAreCheat" classname="rules.GameIntegrationTest" time="0.357"/>
  <testcase name="shouldReturnScoreWhenBothPlayersAreCooperate" classname="rules.GameIntegrationTest" time="0.0"/>
  <testcase name="shouldReturnScoreWhenBothPlayersAreCheat" classname="rules.GameIntegrationTest" time="0.001"/>
  <testcase name="shouldReturnScoreWhenOneConsolePLayerIsCooperateAnotherIsCheat" classname="rules.GameIntegrationTest" time="0.001"/>
  <testcase name="shouldReturnScoreWhenBothConsolePlayersAreCooperate" classname="rules.GameIntegrationTest" time="0.001"/>
  <system-out><![CDATA[Round  Player1  Player2
Please Enter Your Move
Please Enter Your Move
1	 	0	 	0
Round  Player1  Player2
1	 	2	 	2
Round  Player1  Player2
1	 	0	 	0
Round  Player1  Player2
Please Enter Your Move
Please Enter Your Move
1	 	-1	 	3
Round  Player1  Player2
Please Enter Your Move
Please Enter Your Move
1	 	2	 	2
]]></system-out>
  <system-err><![CDATA[]]></system-err>
</testsuite>
