<?xml version="1.0" encoding="UTF-8"?>
<testsuite name="rules.ConsolePlayerBehaviourTest" tests="2" skipped="0" failures="0" errors="0" timestamp="2020-04-15T06:29:01" hostname="gopikriothusMBP" time="0.002">
  <properties/>
  <testcase name="shouldReturnCooperateMoveForCOInputFromPlayer" classname="rules.ConsolePlayerBehaviourTest" time="0.002"/>
  <testcase name="shouldReturnCheatMoveForCHInputFromPlayer" classname="rules.ConsolePlayerBehaviourTest" time="0.0"/>
  <system-out><![CDATA[]]></system-out>
  <system-err><![CDATA[]]></system-err>
</testsuite>
