<?xml version="1.0" encoding="UTF-8"?>
<testsuite name="rules.GameTest" tests="3" skipped="0" failures="0" errors="0" timestamp="2020-04-15T07:02:47" hostname="gopikriothusMBP" time="0.005">
  <properties/>
  <testcase name="shouldReturnCooperatePlayerCheatPlayerScoreForOneRound" classname="rules.GameTest" time="0.004"/>
  <testcase name="shouldReturnCooperatePlayerCheatPlayerScoreForNRounds" classname="rules.GameTest" time="0.0"/>
  <testcase name="shouldReturnCooperatePlayerCooperatePlayerScoreForNRounds" classname="rules.GameTest" time="0.001"/>
  <system-out><![CDATA[Round  Player1  Player2
1	 	-1	 	3
Round  Player1  Player2
1	 	-1	 	3
2	 	-2	 	6
3	 	-3	 	9
Round  Player1  Player2
1	 	2	 	2
2	 	4	 	4
3	 	6	 	6
]]></system-out>
  <system-err><![CDATA[]]></system-err>
</testsuite>
